<?xml version="1.0" encoding="UTF-8"?>
<!-- Generated by org.testng.reporters.JUnitXMLReporter -->
<testsuite ignored="10" hostname="Srinadh6" failures="0" tests="6" name="Smoke Tests" time="72.005" errors="0" timestamp="2026-01-18T12:53:14 IST">
  <testcase classname="herokuapp.pagestest.AddRemoveElementsTest" name="verifyAddAndRemoveElements" time="7.759"/>
  <testcase classname="herokuapp.pagestest.CheckboxesTest" name="verifyCheckboxSelectionBehavior" time="8.256"/>
  <testcase classname="herokuapp.pagestest.DropdownTest" name="verifyDropdownSelection" time="7.014"/>
  <testcase classname="herokuapp.pagestest.DynamicLoadingTest" name="verifyDynamicLoading" time="13.988"/>
  <testcase classname="herokuapp.pagestest.MultipleWindowsTest" name="verifyMultipleWindowsHandling" time="7.252"/>
  <testcase classname="herokuapp.pagestest.JavaScriptAlertsTest" name="verifyJavaScriptAlerts" time="9.956"/>
  <testcase classname="herokuapp.basetest.BaseTest" name="@AfterSuite flushReport" time="0.0">
    <ignored/>
  </testcase> <!-- @AfterSuite flushReport -->
  <testcase classname="herokuapp.basetest.BaseTest" name="@BeforeSuite startReport" time="0.0">
    <ignored/>
  </testcase> <!-- @BeforeSuite startReport -->
  <testcase classname="herokuapp.basetest.BaseTest" name="@AfterSuite flushReport" time="0.0">
    <ignored/>
  </testcase> <!-- @AfterSuite flushReport -->
  <testcase classname="herokuapp.basetest.BaseTest" name="@BeforeSuite startReport" time="0.0">
    <ignored/>
  </testcase> <!-- @BeforeSuite startReport -->
  <testcase classname="herokuapp.basetest.BaseTest" name="@AfterSuite flushReport" time="0.0">
    <ignored/>
  </testcase> <!-- @AfterSuite flushReport -->
  <testcase classname="herokuapp.basetest.BaseTest" name="@BeforeSuite startReport" time="0.0">
    <ignored/>
  </testcase> <!-- @BeforeSuite startReport -->
  <testcase classname="herokuapp.basetest.BaseTest" name="@AfterSuite flushReport" time="0.0">
    <ignored/>
  </testcase> <!-- @AfterSuite flushReport -->
  <testcase classname="herokuapp.basetest.BaseTest" name="@AfterSuite flushReport" time="0.0">
    <ignored/>
  </testcase> <!-- @AfterSuite flushReport -->
  <testcase classname="herokuapp.basetest.BaseTest" name="@BeforeSuite startReport" time="0.0">
    <ignored/>
  </testcase> <!-- @BeforeSuite startReport -->
  <testcase classname="herokuapp.basetest.BaseTest" name="@BeforeSuite startReport" time="0.0">
    <ignored/>
  </testcase> <!-- @BeforeSuite startReport -->
</testsuite> <!-- Smoke Tests -->
