<?xml version="1.0" encoding="UTF-8"?>
<!-- Generated by org.testng.reporters.JUnitXMLReporter -->
<testsuite ignored="0" hostname="Srinadh6" failures="1" tests="1" name="Smoke Tests" time="9.902" errors="0" timestamp="2026-01-14T12:14:18 IST">
  <testcase classname="pagestest.IFrameTest" name="verifyIFrameTextInput" time="7.641">
    <failure type="java.lang.AssertionError" message="Text inside iframe mismatch expected [Hello Selenium] but found []">
      <![CDATA[java.lang.AssertionError: Text inside iframe mismatch expected [Hello Selenium] but found []
at pagestest.IFrameTest.verifyIFrameTextInput(IFrameTest.java:47)
at java.base/java.util.ArrayList.forEach(ArrayList.java:1596)
... Removed 30 stack frames]]>
    </failure>
  </testcase> <!-- verifyIFrameTextInput -->
</testsuite> <!-- Smoke Tests -->
