<?xml version="1.0" encoding="UTF-8"?>
<!-- Generated by org.testng.reporters.JUnitXMLReporter -->
<testsuite ignored="0" hostname="Srinadh6" failures="0" tests="3" name="Chrome Test" time="94.39" errors="0" timestamp="2026-01-09T22:09:43 IST">
  <testcase classname="orangehrm.pagestest.LoginPageTest" name="loginTest" time="9.913"/>
  <testcase classname="orangehrm.pagestest.LoginPageTest" name="loginTest" time="12.96"/>
  <testcase classname="orangehrm.pagestest.LoginPageTest" name="loginTest" time="14.456"/>
</testsuite> <!-- Chrome Test -->
