<?xml version="1.0" encoding="UTF-8"?>
<!-- Generated by org.testng.reporters.JUnitXMLReporter -->
<testsuite ignored="0" hostname="Srinadh6" failures="0" tests="3" name="Chrome Test" time="76.093" errors="0" timestamp="2026-01-11T13:52:38 IST">
  <testcase classname="orangehrm.pagestest.LoginPageTest" name="loginTest" time="8.961"/>
  <testcase classname="orangehrm.pagestest.LoginPageTest" name="loginTest" time="6.727"/>
  <testcase classname="orangehrm.pagestest.LoginPageTest" name="loginTest" time="6.721"/>
</testsuite> <!-- Chrome Test -->
