<?xml version="1.0" encoding="UTF-8"?>
<!-- Generated by org.testng.reporters.JUnitXMLReporter -->
<testsuite ignored="0" hostname="Srinadh6" failures="0" tests="3" name="EDGE Test" time="6.503" errors="0" timestamp="2026-01-11T13:56:49 IST">
  <testcase classname="orangehrm.pagestest.LoginPageTest" name="loginTest" time="0.066"/>
  <testcase classname="orangehrm.pagestest.LoginPageTest" name="loginTest" time="0.006"/>
  <testcase classname="orangehrm.pagestest.LoginPageTest" name="loginTest" time="0.004"/>
</testsuite> <!-- EDGE Test -->
