<?xml version="1.0" encoding="UTF-8"?>
<!-- Generated by org.testng.reporters.JUnitXMLReporter -->
<testsuite ignored="0" hostname="Srinadh6" failures="0" tests="3" name="Firfox Test" time="89.278" errors="0" timestamp="2026-01-11T13:55:05 IST">
  <testcase classname="orangehrm.pagestest.LoginPageTest" name="loginTest" time="9.085"/>
  <testcase classname="orangehrm.pagestest.LoginPageTest" name="loginTest" time="10.497"/>
  <testcase classname="orangehrm.pagestest.LoginPageTest" name="loginTest" time="11.684"/>
</testsuite> <!-- Firfox Test -->
