<?xml version="1.0" encoding="UTF-8"?>
<testng-results ignored="0" total="1" passed="1" failed="0" skipped="0">
  <reporter-output>
  </reporter-output>
  <suite started-at="2026-01-23T21:17:30 IST" name="HerokuApp Automation Suite" finished-at="2026-01-23T21:17:41 IST" duration-ms="10711">
    <groups>
    </groups>
    <test started-at="2026-01-23T21:17:30 IST" name="Smoke Tests" finished-at="2026-01-23T21:17:41 IST" duration-ms="10711">
      <class name="herokuapp.pagestest.ChallengingDomTest">
        <test-method is-config="true" signature="startReport()[pri:0, instance:herokuapp.pagestest.ChallengingDomTest@7d20d0b]" started-at="2026-01-23T21:17:30 IST" name="startReport" finished-at="2026-01-23T21:17:30 IST" duration-ms="441" status="PASS">
          <reporter-output>
          </reporter-output>
        </test-method> <!-- startReport -->
        <test-method is-config="true" signature="setUp(java.lang.reflect.Method)[pri:0, instance:herokuapp.pagestest.ChallengingDomTest@7d20d0b]" started-at="2026-01-23T21:17:30 IST" name="setUp" finished-at="2026-01-23T21:17:33 IST" duration-ms="3054" status="PASS">
          <params>
            <param index="0">
              <value>
                <![CDATA[public void herokuapp.pagestest.ChallengingDomTest.verifyButtonClickWorks(boolean)]]>
              </value>
            </param>
          </params>
          <reporter-output>
          </reporter-output>
        </test-method> <!-- setUp -->
        <test-method signature="verifyButtonClickWorks(boolean)[pri:0, instance:herokuapp.pagestest.ChallengingDomTest@7d20d0b]" started-at="2026-01-23T21:17:33 IST" name="verifyButtonClickWorks" data-provider="domData" finished-at="2026-01-23T21:17:40 IST" duration-ms="6920" status="PASS">
          <params>
            <param index="0">
              <value>
                <![CDATA[true]]>
              </value>
            </param>
          </params>
          <reporter-output>
          </reporter-output>
        </test-method> <!-- verifyButtonClickWorks -->
        <test-method is-config="true" signature="tearDown(org.testng.ITestResult)[pri:0, instance:herokuapp.pagestest.ChallengingDomTest@7d20d0b]" started-at="2026-01-23T21:17:40 IST" name="tearDown" finished-at="2026-01-23T21:17:41 IST" duration-ms="662" status="PASS">
          <params>
            <param index="0">
              <value>
                <![CDATA[[TestResult name=verifyButtonClickWorks status=SUCCESS method=ChallengingDomTest.verifyButtonClickWorks(boolean)[pri:0, instance:herokuapp.pagestest.ChallengingDomTest@7d20d0b] output={null}]]]>
              </value>
            </param>
          </params>
          <reporter-output>
          </reporter-output>
        </test-method> <!-- tearDown -->
        <test-method is-config="true" signature="flushReport()[pri:0, instance:herokuapp.pagestest.ChallengingDomTest@7d20d0b]" started-at="2026-01-23T21:17:41 IST" name="flushReport" finished-at="2026-01-23T21:17:43 IST" duration-ms="1962" status="PASS">
          <reporter-output>
          </reporter-output>
        </test-method> <!-- flushReport -->
      </class> <!-- herokuapp.pagestest.ChallengingDomTest -->
    </test> <!-- Smoke Tests -->
  </suite> <!-- HerokuApp Automation Suite -->
</testng-results>
