<?xml version="1.0" encoding="UTF-8"?>
<testng-results ignored="0" total="3" passed="3" failed="0" skipped="0">
  <reporter-output>
    <line>
      <![CDATA[Data Provider value inserted]]>
    </line>
    <line>
      <![CDATA[Browser is opening]]>
    </line>
    <line>
      <![CDATA[login test started]]>
    </line>
    <line>
      <![CDATA[firefox]]>
    </line>
    <line>
      <![CDATA[login test started]]>
    </line>
    <line>
      <![CDATA[LoginPage contructor start to initialise Driver]]>
    </line>
    <line>
      <![CDATA[Login started]]>
    </line>
    <line>
      <![CDATA[Browser is closing]]>
    </line>
    <line>
      <![CDATA[Browser is opening]]>
    </line>
    <line>
      <![CDATA[login test started]]>
    </line>
    <line>
      <![CDATA[firefox]]>
    </line>
    <line>
      <![CDATA[login test started]]>
    </line>
    <line>
      <![CDATA[LoginPage contructor start to initialise Driver]]>
    </line>
    <line>
      <![CDATA[Login started]]>
    </line>
    <line>
      <![CDATA[Browser is closing]]>
    </line>
    <line>
      <![CDATA[Browser is opening]]>
    </line>
    <line>
      <![CDATA[login test started]]>
    </line>
    <line>
      <![CDATA[firefox]]>
    </line>
    <line>
      <![CDATA[login test started]]>
    </line>
    <line>
      <![CDATA[LoginPage contructor start to initialise Driver]]>
    </line>
    <line>
      <![CDATA[Login started]]>
    </line>
    <line>
      <![CDATA[Browser is closing]]>
    </line>
  </reporter-output>
  <suite started-at="2026-01-09T22:08:08 IST" name="OrangeHRM Suite" finished-at="2026-01-09T22:09:43 IST" duration-ms="94390">
    <groups>
    </groups>
    <test started-at="2026-01-09T22:08:08 IST" name="Chrome Test" finished-at="2026-01-09T22:09:43 IST" duration-ms="94390">
      <class name="orangehrm.pagestest.LoginPageTest">
        <test-method is-config="true" signature="beforeClass()[pri:0, instance:orangehrm.pagestest.LoginPageTest@378542de]" started-at="2026-01-09T22:08:08 IST" name="beforeClass" finished-at="2026-01-09T22:08:08 IST" duration-ms="15" status="PASS">
          <reporter-output>
          </reporter-output>
        </test-method> <!-- beforeClass -->
        <test-method is-config="true" signature="beforeMethod(java.lang.String)[pri:0, instance:orangehrm.pagestest.LoginPageTest@378542de]" started-at="2026-01-09T22:08:09 IST" name="beforeMethod" finished-at="2026-01-09T22:08:27 IST" duration-ms="18028" status="PASS">
          <params>
            <param index="0">
              <value>
                <![CDATA[firefox]]>
              </value>
            </param>
          </params>
          <reporter-output>
            <line>
              <![CDATA[Browser is opening]]>
            </line>
            <line>
              <![CDATA[login test started]]>
            </line>
            <line>
              <![CDATA[firefox]]>
            </line>
          </reporter-output>
        </test-method> <!-- beforeMethod -->
        <test-method signature="loginTest(java.lang.String,java.lang.String)[pri:0, instance:orangehrm.pagestest.LoginPageTest@378542de]" started-at="2026-01-09T22:08:27 IST" name="loginTest" data-provider="loginData" finished-at="2026-01-09T22:08:36 IST" duration-ms="9913" status="PASS">
          <params>
            <param index="0">
              <value>
                <![CDATA[Admin]]>
              </value>
            </param>
            <param index="1">
              <value>
                <![CDATA[admin123]]>
              </value>
            </param>
          </params>
          <reporter-output>
            <line>
              <![CDATA[login test started]]>
            </line>
            <line>
              <![CDATA[LoginPage contructor start to initialise Driver]]>
            </line>
            <line>
              <![CDATA[Login started]]>
            </line>
          </reporter-output>
        </test-method> <!-- loginTest -->
        <test-method is-config="true" signature="afterMethod()[pri:0, instance:orangehrm.pagestest.LoginPageTest@378542de]" started-at="2026-01-09T22:08:36 IST" name="afterMethod" finished-at="2026-01-09T22:08:38 IST" duration-ms="1644" status="PASS">
          <reporter-output>
            <line>
              <![CDATA[Browser is closing]]>
            </line>
          </reporter-output>
        </test-method> <!-- afterMethod -->
        <test-method is-config="true" signature="beforeMethod(java.lang.String)[pri:0, instance:orangehrm.pagestest.LoginPageTest@378542de]" started-at="2026-01-09T22:08:38 IST" name="beforeMethod" finished-at="2026-01-09T22:08:53 IST" duration-ms="15112" status="PASS">
          <params>
            <param index="0">
              <value>
                <![CDATA[firefox]]>
              </value>
            </param>
          </params>
          <reporter-output>
            <line>
              <![CDATA[Browser is opening]]>
            </line>
            <line>
              <![CDATA[login test started]]>
            </line>
            <line>
              <![CDATA[firefox]]>
            </line>
          </reporter-output>
        </test-method> <!-- beforeMethod -->
        <test-method signature="loginTest(java.lang.String,java.lang.String)[pri:0, instance:orangehrm.pagestest.LoginPageTest@378542de]" started-at="2026-01-09T22:08:53 IST" name="loginTest" data-provider="loginData" finished-at="2026-01-09T22:09:06 IST" duration-ms="12960" status="PASS">
          <params>
            <param index="0">
              <value>
                <![CDATA[InvalidUser]]>
              </value>
            </param>
            <param index="1">
              <value>
                <![CDATA[admin123]]>
              </value>
            </param>
          </params>
          <reporter-output>
            <line>
              <![CDATA[login test started]]>
            </line>
            <line>
              <![CDATA[LoginPage contructor start to initialise Driver]]>
            </line>
            <line>
              <![CDATA[Login started]]>
            </line>
          </reporter-output>
        </test-method> <!-- loginTest -->
        <test-method is-config="true" signature="afterMethod()[pri:0, instance:orangehrm.pagestest.LoginPageTest@378542de]" started-at="2026-01-09T22:09:06 IST" name="afterMethod" finished-at="2026-01-09T22:09:08 IST" duration-ms="1702" status="PASS">
          <reporter-output>
            <line>
              <![CDATA[Browser is closing]]>
            </line>
          </reporter-output>
        </test-method> <!-- afterMethod -->
        <test-method is-config="true" signature="beforeMethod(java.lang.String)[pri:0, instance:orangehrm.pagestest.LoginPageTest@378542de]" started-at="2026-01-09T22:09:08 IST" name="beforeMethod" finished-at="2026-01-09T22:09:27 IST" duration-ms="18811" status="PASS">
          <params>
            <param index="0">
              <value>
                <![CDATA[firefox]]>
              </value>
            </param>
          </params>
          <reporter-output>
            <line>
              <![CDATA[Browser is opening]]>
            </line>
            <line>
              <![CDATA[login test started]]>
            </line>
            <line>
              <![CDATA[firefox]]>
            </line>
          </reporter-output>
        </test-method> <!-- beforeMethod -->
        <test-method signature="loginTest(java.lang.String,java.lang.String)[pri:0, instance:orangehrm.pagestest.LoginPageTest@378542de]" started-at="2026-01-09T22:09:27 IST" name="loginTest" data-provider="loginData" finished-at="2026-01-09T22:09:41 IST" duration-ms="14456" status="PASS">
          <params>
            <param index="0">
              <value>
                <![CDATA[Admin]]>
              </value>
            </param>
            <param index="1">
              <value>
                <![CDATA[wrongPass]]>
              </value>
            </param>
          </params>
          <reporter-output>
            <line>
              <![CDATA[login test started]]>
            </line>
            <line>
              <![CDATA[LoginPage contructor start to initialise Driver]]>
            </line>
            <line>
              <![CDATA[Login started]]>
            </line>
          </reporter-output>
        </test-method> <!-- loginTest -->
        <test-method is-config="true" signature="afterMethod()[pri:0, instance:orangehrm.pagestest.LoginPageTest@378542de]" started-at="2026-01-09T22:09:41 IST" name="afterMethod" finished-at="2026-01-09T22:09:43 IST" duration-ms="1651" status="PASS">
          <reporter-output>
            <line>
              <![CDATA[Browser is closing]]>
            </line>
          </reporter-output>
        </test-method> <!-- afterMethod -->
        <test-method is-config="true" signature="afterClass()[pri:0, instance:orangehrm.pagestest.LoginPageTest@378542de]" started-at="2026-01-09T22:09:43 IST" name="afterClass" finished-at="2026-01-09T22:09:43 IST" duration-ms="0" status="PASS">
          <reporter-output>
          </reporter-output>
        </test-method> <!-- afterClass -->
      </class> <!-- orangehrm.pagestest.LoginPageTest -->
    </test> <!-- Chrome Test -->
  </suite> <!-- OrangeHRM Suite -->
</testng-results>
