<?xml version="1.0" encoding="UTF-8"?>
<!-- Generated by org.testng.reporters.JUnitReportReporter -->
<testsuite hostname="Srinadh6" failures="0" tests="2" name="herokuapp.pagestest.InfiniteScrollTest" time="18.091" errors="0" timestamp="2026-01-23T19:41:28 IST" skipped="0">
  <testcase classname="herokuapp.pagestest.InfiniteScrollTest" name="verifyInfiniteScrollWorks" time="10.539"/>
  <testcase classname="herokuapp.pagestest.InfiniteScrollTest" name="verifyInfiniteScrollWorks" time="7.552"/>
</testsuite> <!-- herokuapp.pagestest.InfiniteScrollTest -->
