<?xml version="1.0" encoding="UTF-8"?>
<!-- Generated by org.testng.reporters.JUnitReportReporter -->
<testsuite hostname="Srinadh6" failures="0" tests="2" name="herokuapp.pagestest.HorizontalSliderTest" time="26.673" errors="0" timestamp="2026-01-23T19:16:25 IST" skipped="0">
  <testcase classname="herokuapp.pagestest.HorizontalSliderTest" name="verifySliderMoves" time="19.130"/>
  <testcase classname="herokuapp.pagestest.HorizontalSliderTest" name="verifySliderMoves" time="7.543"/>
</testsuite> <!-- herokuapp.pagestest.HorizontalSliderTest -->
