<?xml version="1.0" encoding="UTF-8"?>
<!-- Generated by org.testng.reporters.JUnitReportReporter -->
<testsuite hostname="Srinadh6" failures="0" tests="2" name="herokuapp.pagestest.NotificationMessagesTest" time="20.905" errors="0" timestamp="2026-01-23T19:36:16 IST" skipped="0">
  <testcase classname="herokuapp.pagestest.NotificationMessagesTest" name="verifyNotificationMessageAppears" time="11.592"/>
  <testcase classname="herokuapp.pagestest.NotificationMessagesTest" name="verifyNotificationMessageAppears" time="9.313"/>
</testsuite> <!-- herokuapp.pagestest.NotificationMessagesTest -->
