<?xml version="1.0" encoding="UTF-8"?>
<!-- Generated by org.testng.reporters.JUnitReportReporter -->
<testsuite hostname="Srinadh6" failures="0" tests="2" name="herokuapp.pagestest.TyposTest" time="17.735" errors="0" timestamp="2026-01-22T16:51:47 IST" skipped="0">
  <testcase classname="herokuapp.pagestest.TyposTest" name="verifyTyposTextDisplayed" time="8.733"/>
  <testcase classname="herokuapp.pagestest.TyposTest" name="verifyTyposTextDisplayed" time="9.002"/>
</testsuite> <!-- herokuapp.pagestest.TyposTest -->
