<?xml version="1.0" encoding="UTF-8"?>
<!-- Generated by org.testng.reporters.JUnitReportReporter -->
<testsuite hostname="Srinadh6" failures="0" tests="2" name="herokuapp.pagestest.AddRemoveElementsTest" time="31.979" errors="0" timestamp="2026-01-23T20:22:47 IST" skipped="0">
  <testcase classname="herokuapp.pagestest.AddRemoveElementsTest" name="verifyAddAndRemoveElements" time="22.277"/>
  <testcase classname="herokuapp.pagestest.AddRemoveElementsTest" name="verifyAddAndRemoveElements" time="9.702"/>
</testsuite> <!-- herokuapp.pagestest.AddRemoveElementsTest -->
