<?xml version="1.0" encoding="UTF-8"?>
<!-- Generated by org.testng.reporters.JUnitReportReporter -->
<testsuite hostname="Srinadh6" failures="0" tests="3" name="herokuapp.pagestest.JavaScriptAlertsTest" time="24.967" errors="0" timestamp="2026-01-23T21:05:37 IST" skipped="0">
  <testcase classname="herokuapp.pagestest.JavaScriptAlertsTest" name="verifyJavaScriptAlerts" time="7.671"/>
  <testcase classname="herokuapp.pagestest.JavaScriptAlertsTest" name="verifyJavaScriptAlerts" time="7.651"/>
  <testcase classname="herokuapp.pagestest.JavaScriptAlertsTest" name="verifyJavaScriptAlerts" time="9.645"/>
</testsuite> <!-- herokuapp.pagestest.JavaScriptAlertsTest -->
