<?xml version="1.0" encoding="UTF-8"?>
<!-- Generated by org.testng.reporters.JUnitReportReporter -->
<testsuite hostname="Srinadh6" failures="0" tests="2" name="herokuapp.pagestest.StatusCodesTest" time="15.575" errors="0" timestamp="2026-01-22T15:58:25 IST" skipped="0">
  <testcase classname="herokuapp.pagestest.StatusCodesTest" name="verify200StatusCodePage" time="8.440"/>
  <testcase classname="herokuapp.pagestest.StatusCodesTest" name="verify200StatusCodePage" time="7.135"/>
</testsuite> <!-- herokuapp.pagestest.StatusCodesTest -->
